<?xml version="1.0" encoding="UTF-8"?>
<!-- Generated by org.testng.reporters.JUnitXMLReporter -->
<testsuite hostname="DESKTOP-FEB2MM5" ignored="0" name="loginTest" tests="1" failures="1" timestamp="2021-02-03T16:13:46 CST" time="0.032" errors="0">
  <testcase name="validUserShouldBeAbleToLogin" time="0.006" classname="test.LoginTest">
    <failure type="java.lang.Error" message="Unresolved compilation problems: 
	BrowserFactory cannot be resolved
	LoginPage cannot be resolved to a type
	The method initElements(WebDriver, Class&amp;lt;LoginPage&amp;gt;) from the type PageFactory refers to the missing type LoginPage
	LoginPage cannot be resolved to a type
	DashboardPage cannot be resolved to a type
	The method initElements(WebDriver, Class&amp;lt;DashboardPage&amp;gt;) from the type PageFactory refers to the missing type DashboardPage
	DashboardPage cannot be resolved to a type
	BrowserFactory cannot be resolved
">
      <![CDATA[java.lang.Error: Unresolved compilation problems: 
BrowserFactory cannot be resolved
LoginPage cannot be resolved to a type
The method initElements(WebDriver, Class<LoginPage>) from the type PageFactory refers to the missing type LoginPage
LoginPage cannot be resolved to a type
DashboardPage cannot be resolved to a type
The method initElements(WebDriver, Class<DashboardPage>) from the type PageFactory refers to the missing type DashboardPage
DashboardPage cannot be resolved to a type
BrowserFactory cannot be resolved

at test.LoginTest.validUserShouldBeAbleToLogin(LoginTest.java:25)
at java.util.ArrayList.forEach(ArrayList.java:1259)
... Removed 27 stack frames]]>
    </failure>
  </testcase> <!-- validUserShouldBeAbleToLogin -->
</testsuite> <!-- loginTest -->
